<?xml version="1.0" encoding="UTF-8"?>
<!-- Generated by org.testng.reporters.JUnitXMLReporter -->
<testsuite ignored="0" hostname="Saran" failures="0" tests="4" name="PetTest" time="9.318" errors="0" timestamp="2025-06-01T14:34:34 IST">
  <testcase classname="api.test.DataDrivenTest" name="testPostUser" time="3.665"/>
  <testcase classname="api.test.DataDrivenTest" name="testPostUser" time="1.348"/>
  <testcase classname="api.test.DataDrivenTest" name="testPostUser" time="1.371"/>
  <testcase classname="api.test.DataDrivenTest" name="testPostUser" time="1.374"/>
</testsuite> <!-- PetTest -->
