<?xml version="1.0" encoding="UTF-8"?>
<!-- Generated by org.testng.reporters.JUnitXMLReporter -->
<testsuite ignored="0" hostname="Saran" failures="0" tests="3" name="Default test" time="9.538" errors="0" timestamp="2025-06-01T13:08:52 IST">
  <testcase classname="api.test.userTest" name="testPostUser" time="5.09"/>
  <testcase classname="api.test.userTest" name="testGetUser" time="1.513"/>
  <testcase classname="api.test.userTest" name="testUpdateUser" time="1.319"/>
</testsuite> <!-- Default test -->
