<?xml version="1.0" encoding="UTF-8"?>
<testsuite xmlns:xsi="http://www.w3.org/2001/XMLSchema-instance" xsi:noNamespaceSchemaLocation="https://maven.apache.org/surefire/maven-surefire-plugin/xsd/surefire-test-report.xsd" version="3.0.2" name="TestSuite" time="9.822" tests="4" errors="0" skipped="0" failures="0">
  <properties>
[...]
</properties>
  <testcase name="testPostUser[1001, testUser1, Tom, Moody, tm@gmail.com, User1, 234567, 0](1)" classname="api.test.DataDrivenTest" time="3.667">
    <system-out><![CDATA[UserId: 1001
UserName: testUser1
UserFirstName: Tom
UserLastName: Moody
UserEmail: tm@gmail.com
UserPassword: User1
UserPhone: 234567
]]></system-out>
    <system-err><![CDATA[[main] WARN org.testng.xml.TestNGContentHandler - It is strongly recommended to add "<!DOCTYPE suite SYSTEM "https://testng.org/testng-1.1.dtd" >" at the top of the suite file [C:\Users\mvsar\eclipse-workspace\PetStoreAutomation\testng.xml] otherwise TestNG may fail or not work as expected.
]]></system-err>
  </testcase>
  <testcase name="testPostUser[1002, testUser2, Henry, Catrer, jc@gmail.com, User2, 534567, 0](2)" classname="api.test.DataDrivenTest" time="1.347">
    <system-out><![CDATA[UserId: 1002
UserName: testUser2
UserFirstName: Henry
UserLastName: Catrer
UserEmail: jc@gmail.com
UserPassword: User2
UserPhone: 534567
]]></system-out>
  </testcase>
  <testcase name="testPostUser[1003, testUser3, Cane, Smith, ss@gmail.com, User3, 434678, 0](3)" classname="api.test.DataDrivenTest" time="1.371">
    <system-out><![CDATA[UserId: 1003
UserName: testUser3
UserFirstName: Cane
UserLastName: Smith
UserEmail: ss@gmail.com
UserPassword: User3
UserPhone: 434678
]]></system-out>
  </testcase>
  <testcase name="testPostUser[1004, testUser4, Travis, Head, tH@gmail.com, User4, 346789, 0](4)" classname="api.test.DataDrivenTest" time="1.374">
    <system-out><![CDATA[UserId: 1004
UserName: testUser4
UserFirstName: Travis
UserLastName: Head
UserEmail: tH@gmail.com
UserPassword: User4
UserPhone: 346789
]]></system-out>
  </testcase>
</testsuite>