<?xml version="1.0" encoding="UTF-8"?>
<!-- Generated by org.testng.reporters.JUnitXMLReporter -->
<testsuite ignored="0" hostname="Saran" failures="0" tests="3" name="PetTest" time="10.068" errors="0" timestamp="2025-06-01T13:33:01 IST">
  <testcase classname="api.test.userTestPropertiesFile" name="testPostUser" time="4.952"/>
  <testcase classname="api.test.userTestPropertiesFile" name="testGetUser" time="1.586"/>
  <testcase classname="api.test.userTestPropertiesFile" name="testUpdateUser" time="1.585"/>
</testsuite> <!-- PetTest -->
